🚀 Starting MetaData Reader...
========================================
/Users/as-mac-0562/Library/Python/3.9/lib/python/site-packages/boto3/compat.py:89: PythonDeprecationWarning: Boto3 will no longer support Python 3.9 starting April 29, 2026. To continue receiving service updates, bug fixes, and security updates please upgrade to Python 3.10 or later. More information can be found here: https://aws.amazon.com/blogs/developer/python-support-policy-updates-for-aws-sdks-and-tools/
  warnings.warn(warning, PythonDeprecationWarning)
📦 Scanning S3 Bucket: testbucketdemo12340987
📦 Scanning S3 Bucket: avinash-sv561
📦 Scanning S3 Bucket: demo-bucket-78423
🔍 Discovering Azure Storage Accounts...
Found 2 accounts: test4321234, testmetadata123
☁️  Scanning Azure Account: test4321234 | Container: basedirectory
☁️  Scanning Azure Account: testmetadata123 | Container: demodata
📂 Scanning SharePoint Site: https://avi4050.sharepoint.com/sites/avi-metadata
/Users/as-mac-0562/Library/Python/3.9/lib/python/site-packages/google/auth/__init__.py:54: FutureWarning: You are using a Python version 3.9 past its end of life. Google will update google-auth with critical bug fixes on a best-effort basis, but not with any other fixes or features. Please upgrade your Python version, and then update google-auth.
  warnings.warn(eol_message.format("3.9"), FutureWarning)
/Users/as-mac-0562/Library/Python/3.9/lib/python/site-packages/google/oauth2/__init__.py:40: FutureWarning: You are using a Python version 3.9 past its end of life. Google will update google-auth with critical bug fixes on a best-effort basis, but not with any other fixes or features. Please upgrade your Python version, and then update google-auth.
  warnings.warn(eol_message.format("3.9"), FutureWarning)
🔍 Discovering Databricks Volumes...
Found 3 accessible volumes
🧱 Scanning Databricks Volume: fetch_metadata_catalog.metadata.my_volume
🧱 Scanning Databricks Volume: fetch_databricks_metadata.default.raw_volume
🧱 Scanning Databricks Volume: fetch_databricks_metadata.default.test_vol

========================================
📊 EXTRACTION SUMMARY:
 - AWS S3 (testbucketdemo12340987): 1 files [Success]
 - AWS S3 (avinash-sv561): 1 files [Success]
 - AWS S3 (demo-bucket-78423): 1 files [Success]
 - Azure Blob (test4321234/basedirectory): 1 files [Success]
 - Azure Blob (testmetadata123/demodata): 1 files [Success]
 - SharePoint (https://avi4050.sharepoint.com/sites/avi-metadata): 3 files [Success]
 - Databricks (fetch_metadata_catalog.metadata.my_volume): 1 files [Success]
 - Databricks (fetch_databricks_metadata.default.raw_volume): 2 files [Success]
 - Databricks (fetch_databricks_metadata.default.test_vol): 1 files [Success]
========================================


✅ Results saved to: /Users/as-mac-0562/Documents/metadata_reader/metadata_output.json
Warning: Data Plane access failed (check RBAC roles): This request is not authorized to perform this operation using this permission.
RequestId:e26d2f9c-601e-0064-0586-9de18b000000
Time:2026-02-14T07:53:23.1100964Z
ErrorCode:AuthorizationPermissionMismatch
Content: <?xml version="1.0" encoding="utf-8"?><Error><Code>AuthorizationPermissionMismatch</Code><Message>This request is not authorized to perform this operation using this permission.
RequestId:e26d2f9c-601e-0064-0586-9de18b000000
Time:2026-02-14T07:53:23.1100964Z</Message></Error>
Warning: Data Plane access failed (check RBAC roles): This request is not authorized to perform this operation using this permission.
RequestId:92478f4f-001e-00e6-5187-9ddb99000000
Time:2026-02-14T07:53:33.1558727Z
ErrorCode:AuthorizationPermissionMismatch
Content: <?xml version="1.0" encoding="utf-8"?><Error><Code>AuthorizationPermissionMismatch</Code><Message>This request is not authorized to perform this operation using this permission.
RequestId:92478f4f-001e-00e6-5187-9ddb99000000
Time:2026-02-14T07:53:33.1558727Z</Message></Error>
[
  {
    "path": "s3://testbucketdemo12340987/test_s3_file.txt",
    "type": "file",
    "size_bytes": 9,
    "last_modified": "2026-02-03T12:41:24+00:00",
    "source": "s3",
    "owner": "90767089ff6db67248599b5a10c8d2f6b2f3bfae95d3201a5106bd10aca9b134",
    "etag": "\"a3930527807725b75c1ba92927d885c9\"",
    "tag": {
      "owner": "rohit sharama "
    }
  },
  {
    "path": "s3://avinash-sv561/test_metadata/",
    "type": "directory",
    "size_bytes": 24167,
    "source": "s3",
    "tag": {}
  },
  {
    "path": "s3://demo-bucket-78423/adf-pmatrx-prod-eastus_Pipeline runs (1).csv",
    "type": "file",
    "size_bytes": 21003,
    "last_modified": "2026-02-13T19:18:04+00:00",
    "source": "s3",
    "owner": "90767089ff6db67248599b5a10c8d2f6b2f3bfae95d3201a5106bd10aca9b134",
    "etag": "\"41893bb935ccadfb228f9d56fa85faee\"",
    "tag": {}
  },
  {
    "path": "azure://basedirectory/Dir1/",
    "type": "directory",
    "size_bytes": 18019,
    "last_modified": "2026-02-13T20:11:31+00:00",
    "source": "blob_storage",
    "owner": "$superuser",
    "tag": {
      "owner ": "mayur "
    }
  },
  {
    "path": "azure://demodata/Yatin Jadhav.docx",
    "type": "file",
    "size_bytes": 1217255,
    "last_modified": "2026-02-01T08:54:25+00:00",
    "source": "blob_storage",
    "owner": "$superuser",
    "etag": "0x8DE616F80316864",
    "tag": {
      "owner": "rohit"
    }
  },
  {
    "path": "sharepoint://avi4050.sharepoint.com,c3d675eb-b89e-4cfb-8a07-f57bfe1f429e,3dafabf2-eec5-4ae6-9df7-6d66c5c94b26/b!63XWw564-0yKB_V7_h9CnvKrrz3F7uZKnfdtZsXJSyb_fUSkt5V4SocedAyWiwcw/test_doc",
    "type": "directory",
    "size_bytes": 0,
    "last_modified": "2026-02-07T18:53:50+00:00",
    "source": "sharepoint",
    "owner": "avinash gangarde",
    "etag": "\"{FB801E7A-C854-41C4-A6A1-765F01477D39},1\"",
    "tag": {}
  },
  {
    "path": "sharepoint://avi4050.sharepoint.com,c3d675eb-b89e-4cfb-8a07-f57bfe1f429e,3dafabf2-eec5-4ae6-9df7-6d66c5c94b26/b!63XWw564-0yKB_V7_h9CnvKrrz3F7uZKnfdtZsXJSyb_fUSkt5V4SocedAyWiwcw/marksheet_1-8.pdf",
    "type": "file",
    "size_bytes": 1187414,
    "last_modified": "2026-02-07T19:51:41+00:00",
    "source": "sharepoint",
    "owner": "avinash gangarde",
    "etag": "\"{A0285A1D-F9F1-4FDB-B51B-E1C2A61A9588},1\"",
    "tag": {}
  },
  {
    "path": "sharepoint://avi4050.sharepoint.com,c3d675eb-b89e-4cfb-8a07-f57bfe1f429e,3dafabf2-eec5-4ae6-9df7-6d66c5c94b26/b!63XWw564-0yKB_V7_h9CnvKrrz3F7uZKnfdtZsXJSyb_fUSkt5V4SocedAyWiwcw/Yatin Jadhav.docx",
    "type": "file",
    "size_bytes": 1224262,
    "last_modified": "2026-02-07T18:54:21+00:00",
    "source": "sharepoint",
    "owner": "avinash gangarde",
    "etag": "\"{F29F5FED-1EFE-4F69-931F-0A43B9637689},1\"",
    "tag": {}
  },
  {
    "path": "/Volumes/fetch_metadata_catalog/metadata/my_volume",
    "type": "directory",
    "size_bytes": 0,
    "source": "databricks_volume",
    "owner": "avinashgangarde@avi4050.onmicrosoft.com",
    "tag": {}
  },
  {
    "path": "/Volumes/fetch_databricks_metadata/default/raw_volume",
    "type": "directory",
    "size_bytes": 253,
    "source": "databricks_volume",
    "owner": "avinashgangarde@avi4050.onmicrosoft.com",
    "tag": {}
  },
  {
    "path": "/Volumes/fetch_databricks_metadata/default/raw_volume/raw_sales_data.csv",
    "type": "file",
    "size_bytes": 253,
    "last_modified": "2026-02-11T23:42:47",
    "source": "databricks_volume",
    "owner": "avinashgangarde@avi4050.onmicrosoft.com",
    "tag": {}
  },
  {
    "path": "/Volumes/fetch_databricks_metadata/default/test_vol",
    "type": "directory",
    "size_bytes": 0,
    "source": "databricks_volume",
    "owner": "avinashgangarde@avi4050.onmicrosoft.com",
    "tag": {}
  }
]
